[debug] [2021-01-16T12:46:18.033Z] ----------------------------------------------------------------------
[debug] [2021-01-16T12:46:18.035Z] Command:       C:\Program Files\nodejs\node.exe C:\Users\Lenovo\AppData\Roaming\npm\node_modules\firebase-tools\lib\bin\firebase.js init
[debug] [2021-01-16T12:46:18.035Z] CLI Version:   9.2.1
[debug] [2021-01-16T12:46:18.035Z] Platform:      win32
[debug] [2021-01-16T12:46:18.035Z] Node Version:  v14.15.3
[debug] [2021-01-16T12:46:18.036Z] Time:          Sat Jan 16 2021 18:16:18 GMT+0530 (India Standard Time)
[debug] [2021-01-16T12:46:18.037Z] ----------------------------------------------------------------------
[debug] [2021-01-16T12:46:18.037Z] 
[debug] [2021-01-16T12:46:18.039Z] >>> [apiv2][query] GET https://firebase-public.firebaseio.com/cli.json [none]
[debug] [2021-01-16T12:46:18.065Z] > command requires scopes: ["email","openid","https://www.googleapis.com/auth/cloudplatformprojects.readonly","https://www.googleapis.com/auth/firebase","https://www.googleapis.com/auth/cloud-platform"]
[debug] [2021-01-16T12:46:18.066Z] > authorizing via signed-in user
[info] 
     ######## #### ########  ######## ########     ###     ######  ########
     ##        ##  ##     ## ##       ##     ##  ##   ##  ##       ##
     ######    ##  ########  ######   ########  #########  ######  ######
     ##        ##  ##    ##  ##       ##     ## ##     ##       ## ##
     ##       #### ##     ## ######## ########  ##     ##  ######  ########

You're about to initialize a Firebase project in this directory:

  D:\Reactjs\to-do

[debug] [2021-01-16T12:46:19.627Z] <<< [apiv2][status] GET https://firebase-public.firebaseio.com/cli.json 200
[debug] [2021-01-16T12:46:19.627Z] <<< [apiv2][body] GET https://firebase-public.firebaseio.com/cli.json {"cloudBuildErrorAfter":1594252800000,"cloudBuildWarnAfter":1590019200000,"defaultNode10After":1594252800000,"minVersion":"3.0.5","node8DeploysDisabledAfter":1613390400000,"node8RuntimeDisabledAfter":1615809600000,"node8WarnAfter":1600128000000}
